Script started on Tue Nov 02 15:38:21 2010
sh-3.00$ project3 -k 15443 32443 21143
Private key: n=501017249   d=21143
Public key: n=501017249   e=465025055
sh-3.00$ project3 -e 501017249 465025055
Today is Tuesday, November 2, 2010.
374098950
294494658
293668382
100275780
360471281
474883543
363624190
378807128
397009881
160091532
378706171
115169714
102155169
413789549
397009881
225414669
7970349
189770595
sh-3.00$ project3 -d 501017249 21143
374098950
294494658
293668382
100275780
360471281
474883543
363624190
378807128
397009881
160091532
378706171
115169714
102155169
413789549
397009881
225414669
7970349
189770595
^D
Today is Tuesday, November 2, 2010.
sh-3.00$ exit

script done on Tue Nov 02 15:43:09 2010
